<?xml version="1.0" encoding="UTF-8"?>
<!-- Generated by org.testng.reporters.JUnitReportReporter -->
<testsuite hostname="pva-HP" name="testIng.Dependencytestng" tests="3" failures="0" timestamp="30 Aug 2016 22:12:59 GMT" time="16.467" errors="0">
  <testcase name="login" time="13.199" classname="testIng.Dependencytestng"/>
  <testcase name="logout" time="3.085" classname="testIng.Dependencytestng"/>
  <testcase name="test1" time="0.183" classname="testIng.Dependencytestng"/>
</testsuite> <!-- testIng.Dependencytestng -->
