<?xml version="1.0" encoding="UTF-8"?>
<!-- Generated by org.testng.reporters.JUnitReportReporter -->
<testsuite hostname="pva-HP" name="testIng.GoogleTest" tests="2" failures="0" timestamp="30 Aug 2016 19:30:26 GMT" time="12.389" errors="0">
  <testcase name="verifytitle" time="10.052" classname="testIng.GoogleTest"/>
  <testcase name="navigatetogmail" time="2.337" classname="testIng.GoogleTest"/>
</testsuite> <!-- testIng.GoogleTest -->
